TN:
SF:index.js
FN:34,(anonymous_0)
FNF:1
FNH:1
FNDA:9,(anonymous_0)
DA:4,9
DA:8,9
DA:9,9
DA:12,9
DA:13,9
DA:17,9
DA:34,9
DA:46,9
DA:66,9
DA:73,9
DA:74,9
DA:79,9
DA:80,9
DA:88,9
DA:93,9
DA:95,0
DA:103,9
DA:104,9
DA:108,9
LF:19
LH:18
BRDA:93,0,0,0
BRDA:93,0,1,9
BRF:2
BRH:1
end_of_record
TN:
SF:lib\agent.js
FN:9,setupAgent
FN:13,createOrUpdate
FN:42,findById
FN:47,findByUuid
FN:58,findAll
FN:63,findConnected
FN:72,findByUsername
FNF:7
FNH:7
FNDA:9,setupAgent
FNDA:2,createOrUpdate
FNDA:1,findById
FNDA:1,findByUuid
FNDA:1,findAll
FNDA:1,findConnected
FNDA:1,findByUsername
DA:9,1
DA:15,2
DA:21,2
DA:23,2
DA:25,1
DA:27,1
DA:35,1
DA:36,1
DA:43,1
DA:48,1
DA:59,1
DA:64,1
DA:73,1
DA:89,9
LF:14
LH:14
BRDA:23,0,0,1
BRDA:23,0,1,1
BRDA:27,1,0,1
BRDA:27,1,1,0
BRF:4
BRH:3
end_of_record
TN:
SF:lib\db.js
FN:12,setupDatabase
FNF:1
FNH:1
FNDA:9,setupDatabase
DA:3,1
DA:7,1
DA:12,1
DA:13,9
DA:14,1
DA:17,9
LF:6
LH:6
BRDA:13,0,0,1
BRDA:13,0,1,8
BRF:2
BRH:2
end_of_record
TN:
SF:lib\metric.js
FN:3,setupMetric
FN:6,findByAgentUuid
FN:22,findByTypeAgentUuid
FN:45,create
FNF:4
FNH:1
FNDA:9,setupMetric
FNDA:0,findByAgentUuid
FNDA:0,findByTypeAgentUuid
FNDA:0,create
DA:3,1
DA:8,0
DA:24,0
DA:47,0
DA:52,0
DA:54,0
DA:55,0
DA:56,0
DA:71,9
LF:9
LH:2
BRDA:52,0,0,0
BRDA:52,0,1,0
BRF:2
BRH:0
end_of_record
TN:
SF:models\agent.js
FN:9,setupAgentModel
FNF:1
FNH:0
FNDA:0,setupAgentModel
DA:3,1
DA:4,1
DA:9,1
DA:12,0
DA:14,0
LF:5
LH:3
BRF:0
BRH:0
end_of_record
TN:
SF:models\metric.js
FN:6,setupMetricModel
FNF:1
FNH:0
FNDA:0,setupMetricModel
DA:3,1
DA:4,1
DA:6,1
DA:7,0
DA:9,0
LF:5
LH:3
BRF:0
BRH:0
end_of_record
